Log: Log file open, 08/09/25 20:29:54
Init: Name subsystem initialized
Init: Version: 469
Init: Revision: e (Preview)
Init: Compiled: Jul 20 2025 12:12:08
Init: Command line: testrendev=D3DDrv.D3DRenderDevice log=Detected.log
Init: Base directory: C:\Games\UnrealTournament\System\
Init: Character set: Unicode
Log: Bound to Engine.dll
Log: Bound to Core.dll
Log: Bound to Window.dll
Init: Object subsystem initialized
Init: Detected: Microsoft Windows NT 10.0 (Build: 26100)
Log: Enabling Data Executing Prevention
Init: Computer: DESKTOPSJLUB0U
Init: User: Adm
Init: Memory total: Phys=4194303K Pagef=4194303K Virt=4194176K
Init: Working set: 32000 / 159000
Init: CPU Page size=4096, Processors=8
Init: CPU Detected: 12th Gen Intel(R) Core(TM) i3-12100F (GenuineIntel)
Init: CPU Features: INVARIANT_TSC CMov FPU RDTSC PAE MMX SSE SSE2 SSE3 SSSE3 SSE4_1 SSE4_2 AVX AVX2
Init: Timer Frequency=3302.397800 MHz - Timing Source = RDTSC
Log: Detecting D3DDrv.D3DRenderDevice
Log: Bound to D3DDrv.dll
Init: DirectDraw drivers detected:
Init:    display (Первичный видеодрайвер)
Init: D3D Device: Supports system memory DMA blts
Log: D3D Device 4194240K vram, 4186140K free
Init: Unreal Tournament Direct3D support - internal revision 1.9b
Init: D3D Device: szDriver=nvldumd.dll
Init: D3D Device: szDescription=NVIDIA GeForce GTX 1650
Init: D3D Device: wProduct=0
Init: D3D Device: wVersion=0
Init: D3D Device: wSubVersion=0
Init: D3D Device: wBuild=0
Init: D3D Device: dwVendorId=4318
Init: D3D Device: dwDeviceId=7946
Init: D3D Device: dwSubSysId=341577950
Init: D3D Device: dwRevision=161
Init: Successfully tested Direct3D presence (DD_OK)
Log: Successfully detected D3DDrv.D3DRenderDevice
Exit: Preparing to exit.
Log: Collecting garbage
Log: Purging garbage
Log: Unbound to Engine.dll
Log: Unbound to Core.dll
Log: Unbound to Window.dll
Log: Unbound to D3DDrv.dll
Log: Garbage: objects: 242->0; refs: 0
Exit: Object subsystem successfully closed.
Exit: Exiting.
Log: Log file closed, 08/09/25 20:29:55
